<?xml version="1.0" encoding="UTF-8"?>
<!-- Generated by org.testng.reporters.JUnitReportReporter -->
<testsuite hostname="LAPTOP-LUIHHGQB" failures="0" tests="1" name="Tests.CurrencyTest" time="8.893" errors="0" timestamp="2022-02-12T03:38:53 GST" skipped="0">
  <testcase classname="Tests.CurrencyTest" name="verifyCurrencyChanged" time="8.893"/>
  <system-out/>
</testsuite> <!-- Tests.CurrencyTest -->
